SLURM_JOBID=6082430
SLURM_JOB_NODELIST=cpn-k07-13-01,cpn-k08-02-02,cpn-k08-03-01,cpn-k08-04-[01-02],cpn-k08-05-[01-02],cpn-k08-06-01,cpn-k08-07-02,cpn-k08-08-02,cpn-k08-12-01,cpn-k08-14-[01-02],cpn-k08-15-[01-02],cpn-k08-16-[01-02],cpn-k08-17-02,cpn-k08-18-[01-02],cpn-k08-19-[01-02],cpn-k08-23-[01-02],cpn-k08-24-02,cpn-k08-25-[01-02],cpn-k08-26-01,cpn-k08-27-[01-02],cpn-k08-28-02,cpn-k08-29-[01-02],cpn-k08-30-02,cpn-k08-34-[01-02],cpn-k08-35-[01-02],cpn-k08-36-[01-02],cpn-k08-37-01,cpn-k08-38-02,cpn-k08-39-[01-02],cpn-k10-01-02,cpn-k10-02-[01-02],cpn-k10-03-[01-02],cpn-k10-04-[01-02],cpn-k10-05-02,cpn-k10-06-[01-02],cpn-k10-07-[01-02],cpn-k10-08-[01-02],cpn-k10-12-[01-02],cpn-k10-13-[01-02],cpn-k10-14-[01-02],cpn-k10-15-[01-02],cpn-k10-16-[01-02],cpn-k10-17-[01-02],cpn-k10-19-[01-02],cpn-k10-23-01,cpn-k10-24-01,cpn-k10-25-[01-02],cpn-k10-26-[01-02],cpn-k10-27-[01-02],cpn-k10-28-[01-02],cpn-k10-29-[01-02],cpn-k10-30-[01-02],cpn-k10-34-[01-02],cpn-k10-35-01,cpn-k10-36-[01-02],cpn-k10-37-[01-02],cpn-k10-38-[01-02],cpn-k10-39-[01-02],cpn-k10-40-[01-02],cpn-k10-41-01
SLURM_NNODES=100
SLURMTMPDIR=/scratch/6082430
working directory = /user/fchen29/homework/project
slurmstepd: error: _get_pss: ferror() indicates error on file /proc/20954/smaps
Number of Processors = 1200
-----------------------------
MAE 609 Final Project Running Result
TOTAL CORE NUMBER -> 1200

CPU AVAILABLE -> 1200
CPU USED -> 1200
WORKLOAD PER CORE -> 20834 lines
ITERATION LOOPS ->8091 times
FINAL TOLERANCE -> 9.05606e-10
TOTAL TIME USED -> 354.608
LOOP TIME USED -> 354.567
SEND AND RECEIVE TIME USED -> 1.93217
REDUCE ALL TIME USED-> 341.16
COMMUNICATION TIME USED -> 343.092
All Done!
