SLURM_JOBID=6082415
SLURM_JOB_NODELIST=cpn-k07-02-02,cpn-k07-03-02,cpn-k07-04-[01-02],cpn-k07-05-01
SLURM_NNODES=5
SLURMTMPDIR=/scratch/6082415
working directory = /user/fchen29/homework/project
Number of Processors = 60
-----------------------------
MAE 609 Final Project Running Result
TOTAL CORE NUMBER -> 60

CPU AVAILABLE -> 60
CPU USED -> 60
WORKLOAD PER CORE -> 416667 lines
ITERATION LOOPS ->9966 times
FINAL TOLERANCE -> 9.74491e-10
TOTAL TIME USED -> 1865.72
LOOP TIME USED -> 1865.66
SEND AND RECEIVE TIME USED -> 1.50091
REDUCE ALL TIME USED-> 1560.92
COMMUNICATION TIME USED -> 1562.42
All Done!
