SLURM_JOBID=6082416
SLURM_JOB_NODELIST=cpn-k07-06-[01-02],cpn-k07-07-02,cpn-k07-08-01,cpn-k07-12-[01-02],cpn-k07-13-02,cpn-k08-01-[01-02],cpn-k08-02-01
SLURM_NNODES=10
SLURMTMPDIR=/scratch/6082416
working directory = /user/fchen29/homework/project
Number of Processors = 120
-----------------------------
MAE 609 Final Project Running Result
TOTAL CORE NUMBER -> 120

CPU AVAILABLE -> 120
CPU USED -> 120
WORKLOAD PER CORE -> 208334 lines
ITERATION LOOPS ->9167 times
FINAL TOLERANCE -> 9.06924e-10
TOTAL TIME USED -> 1233.94
LOOP TIME USED -> 1233.92
SEND AND RECEIVE TIME USED -> 2.35905
REDUCE ALL TIME USED-> 1060.97
COMMUNICATION TIME USED -> 1063.33
All Done!
