SLURM_JOBID=6082419
SLURM_JOB_NODELIST=cpn-k08-19-02,cpn-k08-23-[01-02],cpn-k08-24-02,cpn-k08-25-[01-02],cpn-k08-26-01,cpn-k08-27-[01-02],cpn-k08-28-02,cpn-k08-29-[01-02],cpn-k08-30-02,cpn-k08-34-[01-02],cpn-k08-35-[01-02],cpn-k08-36-[01-02],cpn-k08-37-01,cpn-k08-38-02,cpn-k08-39-[01-02],cpn-k10-01-02,cpn-k10-02-[01-02],cpn-k10-03-[01-02],cpn-k10-04-[01-02],cpn-k10-05-02,cpn-k10-06-[01-02],cpn-k10-07-[01-02],cpn-k10-08-[01-02],cpn-k10-12-[01-02],cpn-k10-13-01
SLURM_NNODES=40
SLURMTMPDIR=/scratch/6082419
working directory = /user/fchen29/homework/project
Number of Processors = 480
-----------------------------
MAE 609 Final Project Running Result
TOTAL CORE NUMBER -> 480

CPU AVAILABLE -> 480
CPU USED -> 480
WORKLOAD PER CORE -> 52084 lines
ITERATION LOOPS ->9747 times
FINAL TOLERANCE -> 7.40974e-10
TOTAL TIME USED -> 606.958
LOOP TIME USED -> 606.674
SEND AND RECEIVE TIME USED -> 1.3067
REDUCE ALL TIME USED-> 567.575
COMMUNICATION TIME USED -> 568.882
All Done!
