SLURM_JOBID=6082405
SLURM_JOB_NODELIST=cpn-k07-01-02,cpn-k07-02-[01-02],cpn-k07-03-02,cpn-k07-04-01
SLURM_NNODES=5
SLURMTMPDIR=/scratch/6082405
working directory = /user/fchen29/homework/project
Number of Processors = 60
-----------------------------
MAE 609 Final Project Running Result
TOTAL CORE NUMBER -> 60

CPU AVAILABLE -> 60
CPU USED -> 60
WORKLOAD PER CORE -> 66667 lines
ITERATION LOOPS ->10869 times
FINAL TOLERANCE -> 9.97695e-10
TOTAL TIME USED -> 162.533
LOOP TIME USED -> 162.526
SEND AND RECEIVE TIME USED -> 0.393806
REDUCE ALL TIME USED-> 108.431
COMMUNICATION TIME USED -> 108.825
All Done!
